<?xml version="1.0" encoding="UTF-8" ?>
<testsuite tests="1" failures="1" name="com.example.BatallaPokemonTest" time="6.727" errors="0" skipped="0">
  <properties>
[...]
</properties>
  <testcase classname="com.example.BatallaPokemonTest" name="com.example.BatallaPokemonTest.testBatallaPokemon" time="6.727">
    <failure message="expected: &lt;true&gt; but was: &lt;false&gt;" type="org.opentest4j.AssertionFailedError">org.opentest4j.AssertionFailedError: expected: &lt;true&gt; but was: &lt;false&gt;
	at org.junit.jupiter.api.AssertionFailureBuilder.build(AssertionFailureBuilder.java:151)
	at org.junit.jupiter.api.AssertionFailureBuilder.buildAndThrow(AssertionFailureBuilder.java:132)
	at org.junit.jupiter.api.AssertTrue.failNotTrue(AssertTrue.java:63)
	at org.junit.jupiter.api.AssertTrue.assertTrue(AssertTrue.java:36)
	at org.junit.jupiter.api.AssertTrue.assertTrue(AssertTrue.java:31)
	at org.junit.jupiter.api.Assertions.assertTrue(Assertions.java:183)
	at com.example.BatallaPokemonTest.testBatallaPokemon(BatallaPokemonTest.java:22)
</failure>
    <system-err>Exception in thread &quot;Thread-2&quot; java.lang.IllegalMonitorStateException
	at java.base/java.util.concurrent.locks.AbstractQueuedSynchronizer$ConditionObject.signal(AbstractQueuedSynchronizer.java:1478)
	at com.example.BatallaPokemon$HiloPikachu.run(BatallaPokemon.java:51)
	at java.base/java.lang.Thread.run(Thread.java:840)
</system-err>
  </testcase>
</testsuite>